<?xml version="1.0" encoding="UTF-8"?>
<testng-results ignored="0" total="2" passed="2" failed="0" skipped="0">
  <reporter-output>
  </reporter-output>
  <suite started-at="2022-09-21T15:56:10 IST" name="Suite" finished-at="2022-09-21T15:56:33 IST" duration-ms="22520">
    <groups>
    </groups>
    <test started-at="2022-09-21T15:56:10 IST" name="Test1" finished-at="2022-09-21T15:56:24 IST" duration-ms="13839">
      <class name="crossbrowsertesting.parallellaunch">
        <test-method signature="print(java.lang.String)[pri:0, instance:crossbrowsertesting.parallellaunch@be35cd9]" started-at="2022-09-21T15:56:10 IST" name="print" finished-at="2022-09-21T15:56:24 IST" duration-ms="13704" status="PASS">
          <params>
            <param index="0">
              <value>
                <![CDATA[chrome]]>
              </value>
            </param>
          </params>
          <reporter-output>
          </reporter-output>
        </test-method> <!-- print -->
      </class> <!-- crossbrowsertesting.parallellaunch -->
    </test> <!-- Test1 -->
    <test started-at="2022-09-21T15:56:10 IST" name="Test2" finished-at="2022-09-21T15:56:33 IST" duration-ms="22520">
      <class name="crossbrowsertesting.parallellaunch">
        <test-method signature="print(java.lang.String)[pri:0, instance:crossbrowsertesting.parallellaunch@3232a28a]" started-at="2022-09-21T15:56:10 IST" name="print" finished-at="2022-09-21T15:56:33 IST" duration-ms="22459" status="PASS">
          <params>
            <param index="0">
              <value>
                <![CDATA[firefox]]>
              </value>
            </param>
          </params>
          <reporter-output>
          </reporter-output>
        </test-method> <!-- print -->
      </class> <!-- crossbrowsertesting.parallellaunch -->
    </test> <!-- Test2 -->
  </suite> <!-- Suite -->
</testng-results>
